<?xml version="1.0" encoding="UTF-8"?>
<!-- Generated by org.testng.reporters.JUnitReportReporter -->
<testsuite hostname="Naveen" failures="0" tests="1" name="com.inetbanking.testCases.TC_LoginTest_001" time="3.645" errors="0" timestamp="2024-07-01T15:48:52 IST" skipped="0">
  <testcase classname="com.inetbanking.testCases.TC_LoginTest_001" name="loginTest" time="3.645"/>
</testsuite> <!-- com.inetbanking.testCases.TC_LoginTest_001 -->
